<?xml version="1.0" encoding="UTF-8"?>
<coverage generated="1659387840043" clover="3.2.0">
  <project timestamp="1659387840043" name="All files">
    <metrics statements="18" coveredstatements="16" conditionals="0" coveredconditionals="0" methods="7" coveredmethods="5" elements="25" coveredelements="21" complexity="0" loc="18" ncloc="18" packages="1" files="1" classes="1"/>
    <file name="newExercise.js" path="C:\Users\Kwame-PC\Desktop\code\exercise-tracker-updated\trackfitpro-frontend\src\components\newExercise.js">
      <metrics statements="18" coveredstatements="16" conditionals="0" coveredconditionals="0" methods="7" coveredmethods="5"/>
      <line num="12" count="8" type="stmt"/>
      <line num="13" count="7" type="stmt"/>
      <line num="14" count="7" type="stmt"/>
      <line num="18" count="7" type="stmt"/>
      <line num="19" count="0" type="stmt"/>
      <line num="22" count="7" type="stmt"/>
      <line num="23" count="2" type="stmt"/>
      <line num="26" count="7" type="stmt"/>
      <line num="27" count="2" type="stmt"/>
      <line num="30" count="7" type="stmt"/>
      <line num="31" count="0" type="stmt"/>
      <line num="34" count="7" type="stmt"/>
      <line num="35" count="1" type="stmt"/>
      <line num="37" count="1" type="stmt"/>
      <line num="44" count="1" type="stmt"/>
      <line num="46" count="1" type="stmt"/>
      <line num="50" count="7" type="stmt"/>
      <line num="57" count="14" type="stmt"/>
    </file>
  </project>
</coverage>
