<?xml version="1.0" encoding="UTF-8"?>
<coverage generated="1659378904898" clover="3.2.0">
  <project timestamp="1659378904899" name="All files">
    <metrics statements="2" coveredstatements="2" conditionals="0" coveredconditionals="0" methods="3" coveredmethods="2" elements="5" coveredelements="4" complexity="0" loc="2" ncloc="2" packages="1" files="1" classes="1"/>
    <file name="Navbar.js" path="C:\Users\Kwame-PC\Desktop\code\exercise-tracker-updated\trackfitpro-frontend\src\components\Navbar.js">
      <metrics statements="2" coveredstatements="2" conditionals="0" coveredconditionals="0" methods="3" coveredmethods="2"/>
      <line num="14" count="2" type="stmt"/>
      <line num="30" count="2" type="stmt"/>
    </file>
  </project>
</coverage>
