{"C:\\Users\\Kwame-PC\\Desktop\\code\\exercise-tracker-updated\\trackfitpro-frontend\\src\\components\\Navbar.js": {"path":"C:\\Users\\Kwame-PC\\Desktop\\code\\exercise-tracker-updated\\trackfitpro-frontend\\src\\components\\Navbar.js","statementMap":{"0":{"start":{"line":14,"column":8},"end":{"line":39,"column":9}},"1":{"start":{"line":30,"column":22},"end":{"line":30,"column":99}},"2":{"start":{"line":30,"column":53},"end":{"line":30,"column":72}}},"fnMap":{"0":{"name":"Navbarr","decl":{"start":{"line":12,"column":9},"end":{"line":12,"column":16}},"loc":{"start":{"line":12,"column":25},"end":{"line":40,"column":5}},"line":12},"1":{"name":"(anonymous_1)","decl":{"start":{"line":29,"column":36},"end":{"line":29,"column":37}},"loc":{"start":{"line":30,"column":22},"end":{"line":30,"column":99}},"line":30},"2":{"name":"(anonymous_2)","decl":{"start":{"line":30,"column":49},"end":{"line":30,"column":50}},"loc":{"start":{"line":30,"column":53},"end":{"line":30,"column":72}},"line":30}},"branchMap":{},"s":{"0":2,"1":2,"2":0},"f":{"0":2,"1":2,"2":0},"b":{},"_coverageSchema":"1a1c01bbd47fc00a2c39e90264f33305004495a9","hash":"a5c5914859a483f7edc8a97be08b02671329b34b"}
}
