{"C:\\Users\\Kwame-PC\\Desktop\\code\\exercise-tracker-updated\\trackfitpro-frontend\\jest.config.js": {"path":"C:\\Users\\Kwame-PC\\Desktop\\code\\exercise-tracker-updated\\trackfitpro-frontend\\jest.config.js","statementMap":{"0":{"start":{"line":1,"column":37},"end":{"line":1,"column":52}},"1":{"start":{"line":3,"column":0},"end":{"line":22,"column":3}}},"fnMap":{},"branchMap":{},"s":{"0":1,"1":1},"f":{},"b":{},"_coverageSchema":"1a1c01bbd47fc00a2c39e90264f33305004495a9","hash":"c08af5b6183136318bf8cda7b02ccd15c1ccb483"}
,"C:\\Users\\Kwame-PC\\Desktop\\code\\exercise-tracker-updated\\trackfitpro-frontend\\src\\pages\\exerciseLog.js": {"path":"C:\\Users\\Kwame-PC\\Desktop\\code\\exercise-tracker-updated\\trackfitpro-frontend\\src\\pages\\exerciseLog.js","statementMap":{"0":{"start":{"line":9,"column":17},"end":{"line":61,"column":1}},"1":{"start":{"line":11,"column":34},"end":{"line":11,"column":46}},"2":{"start":{"line":14,"column":0},"end":{"line":20,"column":16}},"3":{"start":{"line":15,"column":20},"end":{"line":18,"column":1}},"4":{"start":{"line":16,"column":17},"end":{"line":16,"column":67}},"5":{"start":{"line":17,"column":4},"end":{"line":17,"column":64}},"6":{"start":{"line":17,"column":41},"end":{"line":17,"column":62}},"7":{"start":{"line":19,"column":0},"end":{"line":19,"column":14}},"8":{"start":{"line":22,"column":24},"end":{"line":33,"column":1}},"9":{"start":{"line":23,"column":2},"end":{"line":31,"column":3}},"10":{"start":{"line":24,"column":4},"end":{"line":24,"column":70}},"11":{"start":{"line":26,"column":3},"end":{"line":28,"column":3}},"12":{"start":{"line":27,"column":29},"end":{"line":27,"column":44}},"13":{"start":{"line":30,"column":4},"end":{"line":30,"column":20}},"14":{"start":{"line":36,"column":2},"end":{"line":60,"column":9}},"15":{"start":{"line":50,"column":8},"end":{"line":56,"column":11}},"16":{"start":{"line":55,"column":35},"end":{"line":55,"column":77}},"17":{"start":{"line":55,"column":138},"end":{"line":55,"column":162}}},"fnMap":{"0":{"name":"(anonymous_0)","decl":{"start":{"line":9,"column":17},"end":{"line":9,"column":18}},"loc":{"start":{"line":9,"column":28},"end":{"line":61,"column":1}},"line":9},"1":{"name":"(anonymous_1)","decl":{"start":{"line":14,"column":10},"end":{"line":14,"column":11}},"loc":{"start":{"line":14,"column":15},"end":{"line":20,"column":1}},"line":14},"2":{"name":"(anonymous_2)","decl":{"start":{"line":15,"column":20},"end":{"line":15,"column":21}},"loc":{"start":{"line":15,"column":30},"end":{"line":18,"column":1}},"line":15},"3":{"name":"(anonymous_3)","decl":{"start":{"line":17,"column":33},"end":{"line":17,"column":34}},"loc":{"start":{"line":17,"column":41},"end":{"line":17,"column":62}},"line":17},"4":{"name":"(anonymous_4)","decl":{"start":{"line":22,"column":24},"end":{"line":22,"column":25}},"loc":{"start":{"line":22,"column":37},"end":{"line":33,"column":1}},"line":22},"5":{"name":"(anonymous_5)","decl":{"start":{"line":27,"column":21},"end":{"line":27,"column":22}},"loc":{"start":{"line":27,"column":29},"end":{"line":27,"column":44}},"line":27},"6":{"name":"(anonymous_6)","decl":{"start":{"line":49,"column":21},"end":{"line":49,"column":22}},"loc":{"start":{"line":50,"column":8},"end":{"line":56,"column":11}},"line":50},"7":{"name":"(anonymous_7)","decl":{"start":{"line":55,"column":30},"end":{"line":55,"column":31}},"loc":{"start":{"line":55,"column":35},"end":{"line":55,"column":77}},"line":55},"8":{"name":"(anonymous_8)","decl":{"start":{"line":55,"column":134},"end":{"line":55,"column":135}},"loc":{"start":{"line":55,"column":138},"end":{"line":55,"column":162}},"line":55}},"branchMap":{},"s":{"0":1,"1":5,"2":4,"3":2,"4":2,"5":2,"6":2,"7":2,"8":4,"9":1,"10":1,"11":1,"12":1,"13":0,"14":4,"15":2,"16":0,"17":1},"f":{"0":5,"1":2,"2":2,"3":2,"4":1,"5":1,"6":2,"7":0,"8":1},"b":{},"_coverageSchema":"1a1c01bbd47fc00a2c39e90264f33305004495a9","hash":"cd3af03b8cca6ac8229afae8b173bb20227203fa"}
}
