TN:
SF:jest.config.js
FNF:0
FNH:0
DA:1,1
DA:3,1
LF:2
LH:2
BRF:0
BRH:0
end_of_record
TN:
SF:src\pages\exerciseLog.js
FN:9,(anonymous_0)
FN:14,(anonymous_1)
FN:15,(anonymous_2)
FN:17,(anonymous_3)
FN:22,(anonymous_4)
FN:27,(anonymous_5)
FN:49,(anonymous_6)
FN:55,(anonymous_7)
FN:55,(anonymous_8)
FNF:9
FNH:8
FNDA:5,(anonymous_0)
FNDA:2,(anonymous_1)
FNDA:2,(anonymous_2)
FNDA:2,(anonymous_3)
FNDA:1,(anonymous_4)
FNDA:1,(anonymous_5)
FNDA:2,(anonymous_6)
FNDA:0,(anonymous_7)
FNDA:1,(anonymous_8)
DA:9,1
DA:11,5
DA:14,4
DA:15,2
DA:16,2
DA:17,2
DA:19,2
DA:22,4
DA:23,1
DA:24,1
DA:26,1
DA:27,1
DA:30,0
DA:36,4
DA:50,2
DA:55,1
LF:16
LH:15
BRF:0
BRH:0
end_of_record
