TN:
SF:src\pages\newExercise.js
FN:10,NewExercise
FN:18,(anonymous_1)
FN:22,(anonymous_2)
FN:26,(anonymous_3)
FN:30,(anonymous_4)
FN:34,(anonymous_5)
FN:57,(anonymous_6)
FNF:7
FNH:5
FNDA:8,NewExercise
FNDA:0,(anonymous_1)
FNDA:2,(anonymous_2)
FNDA:2,(anonymous_3)
FNDA:0,(anonymous_4)
FNDA:1,(anonymous_5)
FNDA:14,(anonymous_6)
DA:12,8
DA:13,7
DA:14,7
DA:18,7
DA:19,0
DA:22,7
DA:23,2
DA:26,7
DA:27,2
DA:30,7
DA:31,0
DA:34,7
DA:35,1
DA:37,1
DA:44,1
DA:46,1
DA:50,7
DA:57,14
LF:18
LH:16
BRF:0
BRH:0
end_of_record
TN:
SF:src\pages\newUser.js
FN:15,(anonymous_0)
FN:28,(anonymous_1)
FN:32,(anonymous_2)
FN:36,(anonymous_3)
FN:45,(anonymous_4)
FNF:5
FNH:5
FNDA:3,(anonymous_0)
FNDA:2,(anonymous_1)
FNDA:2,(anonymous_2)
FNDA:1,(anonymous_3)
FNDA:7,(anonymous_4)
DA:16,3
DA:17,3
DA:23,3
DA:24,3
DA:28,3
DA:29,2
DA:32,3
DA:33,2
DA:36,3
DA:37,1
DA:41,1
DA:48,7
LF:12
LH:12
BRF:0
BRH:0
end_of_record
